[2025-06-17 20:37:46] adjust alpha ops
[2025-06-17 20:37:46] update wolf.log
[2025-06-17 20:38:14] dark override initialized
[2025-06-17 20:38:14] enhance crypt.sh
[2025-06-17 20:38:40] commit to darkness
[2025-06-17 20:38:40] remove weak patch
[2025-06-17 20:38:41] dark override initialized
[2025-06-17 20:39:07] optimize void cycle
[2025-06-17 20:39:34] enhance crypt.sh
[2025-06-17 20:39:35] optimize void cycle
[2025-06-17 20:40:02] commit to darkness
[2025-06-17 20:40:29] add shadow notes
[2025-06-17 20:40:29] adjust alpha ops
[2025-06-17 20:40:57] enhance crypt.sh
[2025-06-17 20:40:57] dark override initialized
[2025-06-17 20:41:24] optimize void cycle
[2025-06-17 20:41:24] adjust alpha ops
[2025-06-17 20:41:52] adjust alpha ops
[2025-06-17 20:41:52] optimize void cycle
[2025-06-17 20:41:52] commit to darkness
[2025-06-17 20:42:27] commit to darkness
[2025-06-17 20:42:27] add shadow notes
[2025-06-17 20:42:27] update wolf.log
[2025-06-17 20:42:59] dark override initialized
[2025-06-17 20:43:34] remove weak patch
[2025-06-17 20:43:35] dark override initialized
[2025-06-17 20:44:11] refactor daemon
[2025-06-17 20:44:11] update wolf.log
[2025-06-17 20:44:11] refactor daemon
[2025-06-17 20:44:44] remove weak patch
[2025-06-17 20:45:19] commit to darkness
[2025-06-17 20:45:19] enhance crypt.sh
